<?xml version="1.0" encoding="UTF-8"?>
<testng-results ignored="0" total="1" passed="1" failed="0" skipped="0">
  <reporter-output>
  </reporter-output>
  <suite started-at="2023-06-12T16:47:13 IST" name="Default suite" finished-at="2023-06-12T16:47:23 IST" duration-ms="9747">
    <groups>
    </groups>
    <test started-at="2023-06-12T16:47:13 IST" name="Default test" finished-at="2023-06-12T16:47:23 IST" duration-ms="9747">
      <class name="testcases.Test2">
        <test-method is-config="true" signature="setup()[pri:0, instance:testcases.Test2@60bd273d]" started-at="2023-06-12T16:47:13 IST" name="setup" finished-at="2023-06-12T16:47:16 IST" duration-ms="2509" status="PASS">
          <reporter-output>
          </reporter-output>
        </test-method> <!-- setup -->
        <test-method signature="testcase2()[pri:0, instance:testcases.Test2@60bd273d]" started-at="2023-06-12T16:47:16 IST" name="testcase2" finished-at="2023-06-12T16:47:23 IST" duration-ms="6951" status="PASS">
          <reporter-output>
          </reporter-output>
        </test-method> <!-- testcase2 -->
        <test-method is-config="true" signature="closebrowser()[pri:0, instance:testcases.Test2@60bd273d]" started-at="2023-06-12T16:47:23 IST" name="closebrowser" finished-at="2023-06-12T16:47:23 IST" duration-ms="227" status="PASS">
          <reporter-output>
          </reporter-output>
        </test-method> <!-- closebrowser -->
      </class> <!-- testcases.Test2 -->
    </test> <!-- Default test -->
  </suite> <!-- Default suite -->
</testng-results>
